<?xml version="1.0" encoding="UTF-8"?>
<!-- Generated by org.testng.reporters.JUnitReportReporter -->
<testsuite hostname="DESKTOP-QS1F2AH" failures="0" tests="1" name="task1Amazon.AmazonTestClass" time="11.713" errors="0" timestamp="2021-08-12T01:23:22 IST" skipped="0">
  <testcase classname="task1Amazon.AmazonTestClass" name="clickAllbutton" time="11.713"/>
  <system-out/>
</testsuite> <!-- task1Amazon.AmazonTestClass -->
