<?xml version="1.0" encoding="UTF-8"?>
<!-- Generated by org.testng.reporters.JUnitReportReporter -->
<testsuite hostname="DESKTOP-QS1F2AH" failures="0" tests="1" name="API.GetRequest" time="3.784" errors="0" timestamp="2021-08-11T21:17:29 IST" skipped="0">
  <testcase classname="API.GetRequest" name="getRequestResponse" time="3.784"/>
  <system-out/>
</testsuite> <!-- API.GetRequest -->
