<?xml version="1.0" encoding="UTF-8"?>
<!-- Generated by org.testng.reporters.JUnitReportReporter -->
<testsuite hostname="DESKTOP-QS1F2AH" failures="0" tests="1" name="API_T2.GetRequest" time="3.150" errors="0" timestamp="2021-08-12T01:13:47 IST" skipped="0">
  <testcase classname="API_T2.GetRequest" name="getRequestResponse" time="3.150"/>
  <system-out/>
</testsuite> <!-- API_T2.GetRequest -->
