<?xml version="1.0" encoding="UTF-8"?>
<!-- Generated by org.testng.reporters.JUnitReportReporter -->
<testsuite hostname="DESKTOP-QS1F2AH" failures="0" tests="1" name="guru99.Fugetron.AmazonTestClass" time="8.115" errors="0" timestamp="2021-08-11T09:34:27 IST" skipped="0">
  <testcase classname="guru99.Fugetron.AmazonTestClass" name="clickAll" time="8.115"/>
  <system-out/>
</testsuite> <!-- guru99.Fugetron.AmazonTestClass -->
